xrun(64): 21.03-s005: (c) Copyright 1995-2021 Cadence Design Systems, Inc.
TOOL:	xrun(64)	21.03-s005: Started on Jul 19, 2022 at 18:06:34 JST
xrun
	-f run.f
		packet_pkg.sv
		packet_test.sv
Loading snapshot worklib.packet_test:sv .................... Done
SVSEED default: 1
xmsim: *W,DSEM2009: This SystemVerilog design is simulated as per IEEE 1800-2009 SystemVerilog simulation semantics. Use -disable_sem2009 option for turning off SV 2009 simulation semantics.
xcelium> source /opt/eda/cadence/XCELIUM2103/tools/xcelium/files/xmsimrc
xcelium> run
----------------------------
name: test_packet, type: MULTICAST
from source 0001, to target 0110, data 00101000
----------------------------------

----------------------------
name: test_packet, type: SINGLE
from source 0001, to target 0010, data 00010000
----------------------------------

----------------------------
name: test_packet, type: SINGLE
from source 0001, to target 1000, data 01001100
----------------------------------

----------------------------
name: test_packet, type: MULTICAST
from source 0001, to target 0110, data 00101110
----------------------------------

----------------------------
name: test_packet, type: MULTICAST
from source 0001, to target 1110, data 10100011
----------------------------------

----------------------------
name: test_packet, type: SINGLE
from source 0001, to target 0100, data 00000000
----------------------------------

----------------------------
name: test_packet, type: MULTICAST
from source 0001, to target 1010, data 00000001
----------------------------------

----------------------------
name: test_packet, type: SINGLE
from source 0001, to target 0100, data 01000100
----------------------------------

----------------------------
name: test_packet, type: SINGLE
from source 0001, to target 0100, data 00001101
----------------------------------

----------------------------
name: test_packet, type: MULTICAST
from source 0001, to target 1010, data 11111110
----------------------------------

xmsim: *W,RNQUIE: Simulation is complete.
xcelium> exit
TOOL:	xrun(64)	21.03-s005: Exiting on Jul 19, 2022 at 18:06:35 JST  (total: 00:00:01)
