xrun(64): 21.03-s005: (c) Copyright 1995-2021 Cadence Design Systems, Inc.
TOOL:	xrun(64)	21.03-s005: Started on Jul 14, 2022 at 13:13:47 JST
xrun
	-f run.f
		packet_pkg.sv
		packet_test.sv
file: packet_pkg.sv
	package worklib.packet_pkg:sv
		errors: 0, warnings: 0
file: packet_test.sv
	module worklib.packet_test:sv
		errors: 0, warnings: 0
		Caching library 'worklib' ....... Done
	Elaborating the design hierarchy:
	Top level design units:
		packet_pkg
		packet_test
xmelab: *W,DSEMEL: This SystemVerilog design will be simulated as per IEEE 1800-2009 SystemVerilog simulation semantics. Use -disable_sem2009 option for turning off SV 2009 simulation semantics.
	Building instance overlay tables: .................... Done
	Generating native compiled code:
		worklib.packet_test:sv <0x09be366c>
			streams:   3, words:  8077
		worklib.packet_pkg:sv <0x62d8fdd0>
			streams:  10, words:  8503
		worklib.packet_pkg:sv <0x63b1ff62>
			streams:   0, words:     0
	Building instance specific data structures.
	Loading native compiled code:     .................... Done
	Design hierarchy summary:
		                    Instances  Unique
		Modules:                    1       1
		Verilog packages:           1       1
		Registers:                 16      21
		Initial blocks:             1       1
		SV Class declarations:      1       1
		SV Class specializations:   1       1
	Writing initial simulation snapshot: worklib.packet_test:sv
Loading snapshot worklib.packet_test:sv .................... Done
xmsim: *W,DSEM2009: This SystemVerilog design is simulated as per IEEE 1800-2009 SystemVerilog simulation semantics. Use -disable_sem2009 option for turning off SV 2009 simulation semantics.
xcelium> source /opt/eda/cadence/XCELIUM2103/tools/xcelium/files/xmsimrc
xcelium> run
Print default (DEC)
----------------------------
name: test_packet, type: ANY
from source 1, to target 3, data 100
----------------------------------

Print HEX
----------------------------
name: test_packet, type: ANY
from source 1, to target 3, data 64
----------------------------------

Print BIN
----------------------------
name: test_packet, type: ANY
from source 0001, to target 0011, data 01100100
----------------------------------

xmsim: *W,RNQUIE: Simulation is complete.
xcelium> exit
TOOL:	xrun(64)	21.03-s005: Exiting on Jul 14, 2022 at 13:13:51 JST  (total: 00:00:04)
